<?xml version="1.0" encoding="utf-8"?><testsuites name="pytest tests"><testsuite name="pytest" errors="0" failures="0" skipped="0" tests="8" time="2.672" timestamp="2026-06-13T12:35:10.730677+00:00" hostname="agent-env-26666a72-972d-499b-b031-0bc62294cfc6"><testcase classname="backend.tests.test_iteration2.TestStoryAudioURL" name="test_list_stories_audio_events_have_url" time="0.545" /><testcase classname="backend.tests.test_iteration2.TestStoryAudioURL" name="test_story_detail_audio_events_have_url" time="0.093" /><testcase classname="backend.tests.test_iteration2.TestSubscriptions" name="test_status_shape_for_parent" time="0.353" /><testcase classname="backend.tests.test_iteration2.TestSubscriptions" name="test_start_monthly_marks_premium" time="0.400" /><testcase classname="backend.tests.test_iteration2.TestTeacherRBAC" name="test_teacher_login_ok" time="0.265" /><testcase classname="backend.tests.test_iteration2.TestTeacherRBAC" name="test_parent_forbidden_on_classes" time="0.044" /><testcase classname="backend.tests.test_iteration2.TestTeacherRBAC" name="test_teacher_list_classes" time="0.350" /><testcase classname="backend.tests.test_iteration2.TestTeacherRBAC" name="test_teacher_full_workflow" time="0.513" /></testsuite></testsuites>