<?xml version="1.0" encoding="utf-8"?><testsuites name="pytest tests"><testsuite name="pytest" errors="0" failures="0" skipped="0" tests="15" time="7.561" timestamp="2026-06-13T11:54:16.275982+00:00" hostname="agent-env-26666a72-972d-499b-b031-0bc62294cfc6"><testcase classname="backend.tests.test_shravan_api.TestHealth" name="test_health_ok" time="0.873" /><testcase classname="backend.tests.test_shravan_api.TestAuth" name="test_login_demo" time="0.268" /><testcase classname="backend.tests.test_shravan_api.TestAuth" name="test_signup_and_verify_otp" time="0.358" /><testcase classname="backend.tests.test_shravan_api.TestAuth" name="test_me_with_token" time="0.349" /><testcase classname="backend.tests.test_shravan_api.TestAuth" name="test_me_without_token_401" time="0.046" /><testcase classname="backend.tests.test_shravan_api.TestAuth" name="test_stories_without_token_401" time="0.044" /><testcase classname="backend.tests.test_shravan_api.TestStories" name="test_list_seeded_stories" time="0.046" /><testcase classname="backend.tests.test_shravan_api.TestStories" name="test_get_story_detail" time="0.089" /><testcase classname="backend.tests.test_shravan_api.TestStories" name="test_create_from_text" time="4.236" /><testcase classname="backend.tests.test_shravan_api.TestSpeechMatch" name="test_high_confidence_match_and_event" time="0.139" /><testcase classname="backend.tests.test_shravan_api.TestSpeechMatch" name="test_audio_event_returned_when_present" time="0.137" /><testcase classname="backend.tests.test_shravan_api.TestSpeechMatch" name="test_low_confidence_pause" time="0.087" /><testcase classname="backend.tests.test_shravan_api.TestSessions" name="test_save_progress_and_analytics" time="0.173" /><testcase classname="backend.tests.test_shravan_api.TestChildren" name="test_children_empty_create_list" time="0.583" /><testcase classname="backend.tests.test_shravan_api.TestChildren" name="test_children_requires_auth" time="0.041" /></testsuite></testsuites>